TN:
SF:src/dsikea/armario.ts
FN:3,<instance_members_initializer>
FN:6,Armario
FN:11,get puertas
FNF:3
FNH:2
FNDA:70,<instance_members_initializer>
FNDA:70,Armario
FNDA:0,get puertas
DA:1,1
DA:2,1
DA:3,1
DA:4,70
DA:5,70
DA:6,70
DA:7,70
DA:8,70
DA:9,70
DA:10,70
DA:11,70
DA:12,0
DA:13,0
DA:14,70
LF:14
LH:12
BRDA:3,0,0,70
BRDA:6,1,0,70
BRF:2
BRH:2
end_of_record
TN:
SF:src/dsikea/coleccion_muebles.ts
FN:5,<instance_members_initializer>
FN:9,ColeccionMuebles
FN:17,get muebles
FN:21,addMueble
FN:25,addMuebleById
FN:34,removeMueble
FN:44,removeMuebleById
FN:54,searchByNombre
FN:59,searchByTipo
FN:64,searchCoincidences
FN:69,orderByPrecio
FN:77,orderByAlfabeticamente
FNF:12
FNH:12
FNDA:14,<instance_members_initializer>
FNDA:14,ColeccionMuebles
FNDA:6,get muebles
FNDA:1,addMueble
FNDA:1,addMuebleById
FNDA:1,removeMueble
FNDA:1,removeMuebleById
FNDA:1,searchByNombre
FNDA:5,searchByTipo
FNDA:1,searchCoincidences
FNDA:2,orderByPrecio
FNDA:2,orderByAlfabeticamente
DA:1,1
DA:2,1
DA:3,1
DA:4,1
DA:5,1
DA:6,14
DA:7,14
DA:8,14
DA:9,14
DA:10,14
DA:11,14
DA:12,14
DA:13,0
DA:14,0
DA:15,14
DA:16,14
DA:17,14
DA:18,6
DA:19,6
DA:20,14
DA:21,14
DA:22,1
DA:23,1
DA:24,14
DA:25,14
DA:26,1
DA:27,1
DA:28,1
DA:29,1
DA:30,0
DA:31,0
DA:32,1
DA:33,14
DA:34,14
DA:35,1
DA:36,1
DA:37,1
DA:38,1
DA:39,1
DA:40,1
DA:41,1
DA:42,1
DA:43,14
DA:44,14
DA:45,1
DA:46,1
DA:47,1
DA:48,1
DA:49,0
DA:50,0
DA:51,1
DA:52,1
DA:53,14
DA:54,14
DA:55,1
DA:56,1
DA:57,1
DA:58,14
DA:59,14
DA:60,5
DA:61,5
DA:62,5
DA:63,14
DA:64,14
DA:65,1
DA:66,1
DA:67,1
DA:68,14
DA:69,14
DA:70,2
DA:71,1
DA:72,1
DA:73,1
DA:74,1
DA:75,2
DA:76,14
DA:77,14
DA:78,2
DA:79,1
DA:80,1
DA:81,1
DA:82,1
DA:83,2
DA:84,14
LF:84
LH:78
BRDA:5,0,0,14
BRDA:9,1,0,14
BRDA:12,2,0,0
BRDA:17,3,0,6
BRDA:21,4,0,1
BRDA:25,5,0,1
BRDA:29,6,0,0
BRDA:26,7,0,1
BRDA:34,8,0,1
BRDA:35,9,0,1
BRDA:44,10,0,1
BRDA:48,11,0,0
BRDA:45,12,0,3
BRDA:54,13,0,1
BRDA:55,14,0,20
BRDA:59,15,0,5
BRDA:60,16,0,100
BRDA:64,17,0,1
BRDA:65,18,0,20
BRDA:69,19,0,2
BRDA:70,20,0,1
BRDA:71,21,0,9
BRDA:73,22,0,8
BRDA:77,23,0,2
BRDA:78,24,0,1
BRDA:79,25,0,9
BRDA:81,26,0,8
BRF:27
BRH:24
end_of_record
TN:
SF:src/dsikea/comoda.ts
FN:3,<instance_members_initializer>
FN:6,Comoda
FN:11,get cajones
FNF:3
FNH:2
FNDA:70,<instance_members_initializer>
FNDA:70,Comoda
FNDA:0,get cajones
DA:1,1
DA:2,1
DA:3,1
DA:4,70
DA:5,70
DA:6,70
DA:7,70
DA:8,70
DA:9,70
DA:10,70
DA:11,70
DA:12,0
DA:13,0
DA:14,70
LF:14
LH:12
BRDA:3,0,0,70
BRDA:6,1,0,70
BRF:2
BRH:2
end_of_record
TN:
SF:src/dsikea/mesa.ts
FN:3,<instance_members_initializer>
FN:6,Mesa
FN:11,get forma
FNF:3
FNH:2
FNDA:71,<instance_members_initializer>
FNDA:71,Mesa
FNDA:0,get forma
DA:1,1
DA:2,1
DA:3,1
DA:4,71
DA:5,71
DA:6,71
DA:7,71
DA:8,71
DA:9,71
DA:10,71
DA:11,71
DA:12,0
DA:13,0
DA:14,71
LF:14
LH:12
BRDA:3,0,0,71
BRDA:6,1,0,71
BRF:2
BRH:2
end_of_record
TN:
SF:src/dsikea/mueble.ts
FN:1,<instance_members_initializer>
FN:9,Mueble
FN:18,get id
FN:22,get nombre
FN:26,get descripcion
FN:30,get material
FN:34,get dimensiones
FN:38,get precio
FN:42,set nombre
FN:46,set descripcion
FN:50,set material
FN:54,set dimensiones
FN:58,set precio
FNF:13
FNH:6
FNDA:281,<instance_members_initializer>
FNDA:281,Mueble
FNDA:6,get id
FNDA:54,get nombre
FNDA:20,get descripcion
FNDA:0,get material
FNDA:0,get dimensiones
FNDA:34,get precio
FNDA:0,set nombre
FNDA:0,set descripcion
FNDA:0,set material
FNDA:0,set dimensiones
FNDA:0,set precio
DA:1,1
DA:2,281
DA:3,281
DA:4,281
DA:5,281
DA:6,281
DA:7,281
DA:8,281
DA:9,281
DA:10,281
DA:11,281
DA:12,281
DA:13,281
DA:14,281
DA:15,281
DA:16,281
DA:17,281
DA:18,281
DA:19,6
DA:20,6
DA:21,281
DA:22,281
DA:23,54
DA:24,54
DA:25,281
DA:26,281
DA:27,20
DA:28,20
DA:29,281
DA:30,281
DA:31,0
DA:32,0
DA:33,281
DA:34,281
DA:35,0
DA:36,0
DA:37,281
DA:38,281
DA:39,34
DA:40,34
DA:41,281
DA:42,281
DA:43,0
DA:44,0
DA:45,281
DA:46,281
DA:47,0
DA:48,0
DA:49,281
DA:50,281
DA:51,0
DA:52,0
DA:53,281
DA:54,281
DA:55,0
DA:56,0
DA:57,281
DA:58,281
DA:59,0
DA:60,0
DA:61,281
LF:61
LH:47
BRDA:1,0,0,281
BRDA:9,1,0,281
BRDA:18,2,0,6
BRDA:22,3,0,54
BRDA:26,4,0,20
BRDA:38,5,0,34
BRF:6
BRH:6
end_of_record
TN:
SF:src/dsikea/silla.ts
FN:3,<instance_members_initializer>
FN:6,Silla
FN:11,get tipo
FNF:3
FNH:2
FNDA:70,<instance_members_initializer>
FNDA:70,Silla
FNDA:0,get tipo
DA:1,1
DA:2,1
DA:3,1
DA:4,70
DA:5,70
DA:6,70
DA:7,70
DA:8,70
DA:9,70
DA:10,70
DA:11,70
DA:12,0
DA:13,0
DA:14,70
LF:14
LH:12
BRDA:3,0,0,70
BRDA:6,1,0,70
BRF:2
BRH:2
end_of_record
