TN:
SF:src/dsikea/armario.ts
FN:3,<instance_members_initializer>
FN:6,Armario
FN:11,get puertas
FNF:3
FNH:3
FNDA:74,<instance_members_initializer>
FNDA:74,Armario
FNDA:2,get puertas
DA:1,1
DA:2,1
DA:3,1
DA:4,74
DA:5,74
DA:6,74
DA:7,74
DA:8,74
DA:9,74
DA:10,74
DA:11,74
DA:12,2
DA:13,2
DA:14,74
LF:14
LH:14
BRDA:3,0,0,74
BRDA:6,1,0,74
BRDA:11,2,0,2
BRF:3
BRH:3
end_of_record
TN:
SF:src/dsikea/coleccion_muebles.ts
FN:5,<instance_members_initializer>
FN:9,ColeccionMuebles
FN:17,get muebles
FN:21,addMueble
FN:25,addMuebleById
FN:34,removeMueble
FN:44,removeMuebleById
FN:54,searchByNombre
FN:59,searchByTipo
FN:64,searchCoincidences
FN:69,orderByPrecio
FN:77,orderByAlfabeticamente
FNF:12
FNH:12
FNDA:28,<instance_members_initializer>
FNDA:28,ColeccionMuebles
FNDA:6,get muebles
FNDA:1,addMueble
FNDA:2,addMuebleById
FNDA:1,removeMueble
FNDA:2,removeMuebleById
FNDA:1,searchByNombre
FNDA:5,searchByTipo
FNDA:1,searchCoincidences
FNDA:2,orderByPrecio
FNDA:2,orderByAlfabeticamente
DA:1,1
DA:2,1
DA:3,1
DA:4,1
DA:5,1
DA:6,28
DA:7,28
DA:8,28
DA:9,28
DA:10,28
DA:11,14
DA:12,14
DA:13,14
DA:14,14
DA:15,28
DA:16,28
DA:17,28
DA:18,6
DA:19,6
DA:20,28
DA:21,28
DA:22,1
DA:23,1
DA:24,28
DA:25,28
DA:26,2
DA:27,2
DA:28,1
DA:29,1
DA:30,1
DA:31,1
DA:32,2
DA:33,28
DA:34,28
DA:35,1
DA:36,1
DA:37,1
DA:38,1
DA:39,1
DA:40,1
DA:41,1
DA:42,1
DA:43,28
DA:44,28
DA:45,2
DA:46,2
DA:47,2
DA:48,2
DA:49,1
DA:50,1
DA:51,2
DA:52,2
DA:53,28
DA:54,28
DA:55,1
DA:56,1
DA:57,1
DA:58,28
DA:59,28
DA:60,5
DA:61,5
DA:62,5
DA:63,28
DA:64,28
DA:65,1
DA:66,1
DA:67,1
DA:68,28
DA:69,28
DA:70,2
DA:71,1
DA:72,1
DA:73,1
DA:74,1
DA:75,2
DA:76,28
DA:77,28
DA:78,2
DA:79,1
DA:80,1
DA:81,1
DA:82,1
DA:83,2
DA:84,28
LF:84
LH:84
BRDA:5,0,0,28
BRDA:9,1,0,28
BRDA:10,2,0,14
BRDA:17,3,0,6
BRDA:21,4,0,1
BRDA:25,5,0,2
BRDA:27,6,0,1
BRDA:26,7,0,21
BRDA:34,8,0,1
BRDA:35,9,0,1
BRDA:44,10,0,2
BRDA:48,11,0,1
BRDA:45,12,0,6
BRDA:54,13,0,1
BRDA:55,14,0,20
BRDA:59,15,0,5
BRDA:60,16,0,100
BRDA:64,17,0,1
BRDA:65,18,0,20
BRDA:69,19,0,2
BRDA:70,20,0,1
BRDA:71,21,0,9
BRDA:73,22,0,8
BRDA:77,23,0,2
BRDA:78,24,0,1
BRDA:79,25,0,9
BRDA:81,26,0,8
BRF:27
BRH:27
end_of_record
TN:
SF:src/dsikea/comoda.ts
FN:3,<instance_members_initializer>
FN:6,Comoda
FN:11,get cajones
FNF:3
FNH:3
FNDA:74,<instance_members_initializer>
FNDA:74,Comoda
FNDA:2,get cajones
DA:1,1
DA:2,1
DA:3,1
DA:4,74
DA:5,74
DA:6,74
DA:7,74
DA:8,74
DA:9,74
DA:10,74
DA:11,74
DA:12,2
DA:13,2
DA:14,74
LF:14
LH:14
BRDA:3,0,0,74
BRDA:6,1,0,74
BRDA:11,2,0,2
BRF:3
BRH:3
end_of_record
TN:
SF:src/dsikea/mesa.ts
FN:3,<instance_members_initializer>
FN:6,Mesa
FN:11,get forma
FNF:3
FNH:3
FNDA:75,<instance_members_initializer>
FNDA:75,Mesa
FNDA:2,get forma
DA:1,1
DA:2,1
DA:3,1
DA:4,75
DA:5,75
DA:6,75
DA:7,75
DA:8,75
DA:9,75
DA:10,75
DA:11,75
DA:12,2
DA:13,2
DA:14,75
LF:14
LH:14
BRDA:3,0,0,75
BRDA:6,1,0,75
BRDA:11,2,0,2
BRF:3
BRH:3
end_of_record
TN:
SF:src/dsikea/mueble.ts
FN:1,<instance_members_initializer>
FN:9,Mueble
FN:18,get id
FN:22,get nombre
FN:26,get descripcion
FN:30,get material
FN:34,get dimensiones
FN:38,get precio
FN:42,set nombre
FN:46,set descripcion
FN:50,set material
FN:54,set dimensiones
FN:58,set precio
FNF:13
FNH:8
FNDA:297,<instance_members_initializer>
FNDA:297,Mueble
FNDA:37,get id
FNDA:62,get nombre
FNDA:28,get descripcion
FNDA:8,get material
FNDA:8,get dimensiones
FNDA:42,get precio
FNDA:0,set nombre
FNDA:0,set descripcion
FNDA:0,set material
FNDA:0,set dimensiones
FNDA:0,set precio
DA:1,1
DA:2,297
DA:3,297
DA:4,297
DA:5,297
DA:6,297
DA:7,297
DA:8,297
DA:9,297
DA:10,297
DA:11,297
DA:12,297
DA:13,297
DA:14,297
DA:15,297
DA:16,297
DA:17,297
DA:18,297
DA:19,37
DA:20,37
DA:21,297
DA:22,297
DA:23,62
DA:24,62
DA:25,297
DA:26,297
DA:27,28
DA:28,28
DA:29,297
DA:30,297
DA:31,8
DA:32,8
DA:33,297
DA:34,297
DA:35,8
DA:36,8
DA:37,297
DA:38,297
DA:39,42
DA:40,42
DA:41,297
DA:42,297
DA:43,0
DA:44,0
DA:45,297
DA:46,297
DA:47,0
DA:48,0
DA:49,297
DA:50,297
DA:51,0
DA:52,0
DA:53,297
DA:54,297
DA:55,0
DA:56,0
DA:57,297
DA:58,297
DA:59,0
DA:60,0
DA:61,297
LF:61
LH:51
BRDA:1,0,0,297
BRDA:9,1,0,297
BRDA:18,2,0,37
BRDA:22,3,0,62
BRDA:26,4,0,28
BRDA:30,5,0,8
BRDA:34,6,0,8
BRDA:38,7,0,42
BRF:8
BRH:8
end_of_record
TN:
SF:src/dsikea/silla.ts
FN:3,<instance_members_initializer>
FN:6,Silla
FN:11,get tipo
FNF:3
FNH:3
FNDA:74,<instance_members_initializer>
FNDA:74,Silla
FNDA:2,get tipo
DA:1,1
DA:2,1
DA:3,1
DA:4,74
DA:5,74
DA:6,74
DA:7,74
DA:8,74
DA:9,74
DA:10,74
DA:11,74
DA:12,2
DA:13,2
DA:14,74
LF:14
LH:14
BRDA:3,0,0,74
BRDA:6,1,0,74
BRDA:11,2,0,2
BRF:3
BRH:3
end_of_record
